mode: set
github.com/ALTA-BE7-I-Kadek-Adi-Gunawan/w1-d2-basic-golang/submission/hello.go:8.41,9.16 1 1
github.com/ALTA-BE7-I-Kadek-Adi-Gunawan/w1-d2-basic-golang/submission/hello.go:13.2,14.30 2 1
github.com/ALTA-BE7-I-Kadek-Adi-Gunawan/w1-d2-basic-golang/submission/hello.go:18.2,20.22 2 1
github.com/ALTA-BE7-I-Kadek-Adi-Gunawan/w1-d2-basic-golang/submission/hello.go:9.16,11.3 1 1
github.com/ALTA-BE7-I-Kadek-Adi-Gunawan/w1-d2-basic-golang/submission/hello.go:14.30,16.3 1 1
github.com/ALTA-BE7-I-Kadek-Adi-Gunawan/w1-d2-basic-golang/submission/segitiga.go:3.49,5.30 1 1
github.com/ALTA-BE7-I-Kadek-Adi-Gunawan/w1-d2-basic-golang/submission/segitiga.go:8.2,8.28 1 1
github.com/ALTA-BE7-I-Kadek-Adi-Gunawan/w1-d2-basic-golang/submission/segitiga.go:5.30,7.3 1 1
github.com/ALTA-BE7-I-Kadek-Adi-Gunawan/w1-d2-basic-golang/submission/tabung.go:5.48,7.2 1 1
